# JRE version: Java(TM) SE Runtime Environment (8.0_101-b13) (build 1.8.0_101-b13)
# Java VM: Java HotSpot(TM) 64-Bit Server VM (25.101-b13 mixed mode windows-amd64 compressed oops)
Heap:
 PSYoungGen      total 111104K, used 69933K [0x00000000f5580000, 0x00000000fff00000, 0x0000000100000000)
  eden space 102400K, 61% used [0x00000000f5580000,0x00000000f928aa78,0x00000000fb980000)
  from space 8704K, 85% used [0x00000000fb980000,0x00000000fc0c0c28,0x00000000fc200000)
  to   space 9216K, 0% used [0x00000000ff600000,0x00000000ff600000,0x00000000fff00000)
 ParOldGen       total 39936K, used 12667K [0x00000000e0000000, 0x00000000e2700000, 0x00000000f5580000)
  object space 39936K, 31% used [0x00000000e0000000,0x00000000e0c5eef0,0x00000000e2700000)
 Metaspace       used 36243K, capacity 37114K, committed 37504K, reserved 1081344K
  class space    used 4965K, capacity 5190K, committed 5248K, reserved 1048576K
GC Heap History (10 events):
Event: 12.534 GC heap before
{Heap before GC invocations=7 (full 1):
 PSYoungGen      total 72192K, used 6300K [0x00000000f5580000, 0x00000000fa480000, 0x0000000100000000)
  eden space 63488K, 0% used [0x00000000f5580000,0x00000000f5580000,0x00000000f9380000)
  from space 8704K, 72% used [0x00000000f9c00000,0x00000000fa227390,0x00000000fa480000)
  to   space 8704K, 0% used [0x00000000f9380000,0x00000000f9380000,0x00000000f9c00000)
 ParOldGen       total 42496K, used 10000K [0x00000000e0000000, 0x00000000e2980000, 0x00000000f5580000)
  object space 42496K, 23% used [0x00000000e0000000,0x00000000e09c40a8,0x00000000e2980000)
 Metaspace       used 20836K, capacity 21262K, committed 21296K, reserved 1067008K
  class space    used 2762K, capacity 2927K, committed 2944K, reserved 1048576K
Event: 12.614 GC heap after
Heap after GC invocations=7 (full 1):
 PSYoungGen      total 72192K, used 0K [0x00000000f5580000, 0x00000000fa480000, 0x0000000100000000)
  eden space 63488K, 0% used [0x00000000f5580000,0x00000000f5580000,0x00000000f9380000)
  from space 8704K, 0% used [0x00000000f9c00000,0x00000000f9c00000,0x00000000fa480000)
  to   space 8704K, 0% used [0x00000000f9380000,0x00000000f9380000,0x00000000f9c00000)
 ParOldGen       total 39936K, used 12748K [0x00000000e0000000, 0x00000000e2700000, 0x00000000f5580000)
  object space 39936K, 31% used [0x00000000e0000000,0x00000000e0c73010,0x00000000e2700000)
 Metaspace       used 20836K, capacity 21262K, committed 21296K, reserved 1067008K
  class space    used 2762K, capacity 2927K, committed 2944K, reserved 1048576K
}
Event: 13.536 GC heap before
{Heap before GC invocations=8 (full 1):
 PSYoungGen      total 72192K, used 39095K [0x00000000f5580000, 0x00000000fa480000, 0x0000000100000000)
  eden space 63488K, 61% used [0x00000000f5580000,0x00000000f7badd00,0x00000000f9380000)
  from space 8704K, 0% used [0x00000000f9c00000,0x00000000f9c00000,0x00000000fa480000)
  to   space 8704K, 0% used [0x00000000f9380000,0x00000000f9380000,0x00000000f9c00000)
 ParOldGen       total 39936K, used 12748K [0x00000000e0000000, 0x00000000e2700000, 0x00000000f5580000)
  object space 39936K, 31% used [0x00000000e0000000,0x00000000e0c73010,0x00000000e2700000)
 Metaspace       used 23852K, capacity 24408K, committed 24704K, reserved 1071104K
  class space    used 3264K, capacity 3392K, committed 3456K, reserved 1048576K
Event: 13.542 GC heap after
Heap after GC invocations=8 (full 1):
 PSYoungGen      total 72192K, used 5021K [0x00000000f5580000, 0x00000000fcd00000, 0x0000000100000000)
  eden space 63488K, 0% used [0x00000000f5580000,0x00000000f5580000,0x00000000f9380000)
  from space 8704K, 57% used [0x00000000f9380000,0x00000000f9867570,0x00000000f9c00000)
  to   space 8704K, 0% used [0x00000000fc480000,0x00000000fc480000,0x00000000fcd00000)
 ParOldGen       total 39936K, used 12756K [0x00000000e0000000, 0x00000000e2700000, 0x00000000f5580000)
  object space 39936K, 31% used [0x00000000e0000000,0x00000000e0c75010,0x00000000e2700000)
 Metaspace       used 23852K, capacity 24408K, committed 24704K, reserved 1071104K
  class space    used 3264K, capacity 3392K, committed 3456K, reserved 1048576K
}
Event: 13.542 GC heap before
{Heap before GC invocations=9 (full 2):
 PSYoungGen      total 72192K, used 5021K [0x00000000f5580000, 0x00000000fcd00000, 0x0000000100000000)
  eden space 63488K, 0% used [0x00000000f5580000,0x00000000f5580000,0x00000000f9380000)
  from space 8704K, 57% used [0x00000000f9380000,0x00000000f9867570,0x00000000f9c00000)
  to   space 8704K, 0% used [0x00000000fc480000,0x00000000fc480000,0x00000000fcd00000)
 ParOldGen       total 39936K, used 12756K [0x00000000e0000000, 0x00000000e2700000, 0x00000000f5580000)
  object space 39936K, 31% used [0x00000000e0000000,0x00000000e0c75010,0x00000000e2700000)
 Metaspace       used 23852K, capacity 24408K, committed 24704K, reserved 1071104K
  class space    used 3264K, capacity 3392K, committed 3456K, reserved 1048576K
Event: 13.613 GC heap after
Heap after GC invocations=9 (full 2):
 PSYoungGen      total 72192K, used 0K [0x00000000f5580000, 0x00000000fcd00000, 0x0000000100000000)
  eden space 63488K, 0% used [0x00000000f5580000,0x00000000f5580000,0x00000000f9380000)
  from space 8704K, 0% used [0x00000000f9380000,0x00000000f9380000,0x00000000f9c00000)
  to   space 8704K, 0% used [0x00000000fc480000,0x00000000fc480000,0x00000000fcd00000)
 ParOldGen       total 39936K, used 12651K [0x00000000e0000000, 0x00000000e2700000, 0x00000000f5580000)
  object space 39936K, 31% used [0x00000000e0000000,0x00000000e0c5aef0,0x00000000e2700000)
 Metaspace       used 23852K, capacity 24408K, committed 24704K, reserved 1071104K
  class space    used 3264K, capacity 3392K, committed 3456K, reserved 1048576K
}
Event: 26.356 GC heap before
{Heap before GC invocations=10 (full 2):
 PSYoungGen      total 72192K, used 63488K [0x00000000f5580000, 0x00000000fcd00000, 0x0000000100000000)
  eden space 63488K, 100% used [0x00000000f5580000,0x00000000f9380000,0x00000000f9380000)
  from space 8704K, 0% used [0x00000000f9380000,0x00000000f9380000,0x00000000f9c00000)
  to   space 8704K, 0% used [0x00000000fc480000,0x00000000fc480000,0x00000000fcd00000)
 ParOldGen       total 39936K, used 12651K [0x00000000e0000000, 0x00000000e2700000, 0x00000000f5580000)
  object space 39936K, 31% used [0x00000000e0000000,0x00000000e0c5aef0,0x00000000e2700000)
 Metaspace       used 28521K, capacity 29276K, committed 29312K, reserved 1075200K
  class space    used 4019K, capacity 4201K, committed 4224K, reserved 1048576K
Event: 26.366 GC heap after
Heap after GC invocations=10 (full 2):
 PSYoungGen      total 107520K, used 5730K [0x00000000f5580000, 0x00000000fca80000, 0x0000000100000000)
  eden space 101376K, 0% used [0x00000000f5580000,0x00000000f5580000,0x00000000fb880000)
  from space 6144K, 93% used [0x00000000fc480000,0x00000000fca18a48,0x00000000fca80000)
  to   space 8704K, 0% used [0x00000000fb980000,0x00000000fb980000,0x00000000fc200000)
 ParOldGen       total 39936K, used 12659K [0x00000000e0000000, 0x00000000e2700000, 0x00000000f5580000)
  object space 39936K, 31% used [0x00000000e0000000,0x00000000e0c5cef0,0x00000000e2700000)
 Metaspace       used 28521K, capacity 29276K, committed 29312K, reserved 1075200K
  class space    used 4019K, capacity 4201K, committed 4224K, reserved 1048576K
}
Event: 42.197 GC heap before
{Heap before GC invocations=11 (full 2):
 PSYoungGen      total 107520K, used 107106K [0x00000000f5580000, 0x00000000fca80000, 0x0000000100000000)
  eden space 101376K, 100% used [0x00000000f5580000,0x00000000fb880000,0x00000000fb880000)
  from space 6144K, 93% used [0x00000000fc480000,0x00000000fca18a48,0x00000000fca80000)
  to   space 8704K, 0% used [0x00000000fb980000,0x00000000fb980000,0x00000000fc200000)
 ParOldGen       total 39936K, used 12659K [0x00000000e0000000, 0x00000000e2700000, 0x00000000f5580000)
  object space 39936K, 31% used [0x00000000e0000000,0x00000000e0c5cef0,0x00000000e2700000)
 Metaspace       used 33143K, capacity 34018K, committed 34304K, reserved 1079296K
  class space    used 4596K, capacity 4822K, committed 4864K, reserved 1048576K
Event: 42.211 GC heap after
Heap after GC invocations=11 (full 2):
 PSYoungGen      total 111104K, used 7427K [0x00000000f5580000, 0x00000000fff00000, 0x0000000100000000)
  eden space 102400K, 0% used [0x00000000f5580000,0x00000000f5580000,0x00000000fb980000)
  from space 8704K, 85% used [0x00000000fb980000,0x00000000fc0c0c28,0x00000000fc200000)
  to   space 9216K, 0% used [0x00000000ff600000,0x00000000ff600000,0x00000000fff00000)
 ParOldGen       total 39936K, used 12667K [0x00000000e0000000, 0x00000000e2700000, 0x00000000f5580000)
  object space 39936K, 31% used [0x00000000e0000000,0x00000000e0c5eef0,0x00000000e2700000)
 Metaspace       used 33143K, capacity 34018K, committed 34304K, reserved 1079296K
  class space    used 4596K, capacity 4822K, committed 4864K, reserved 1048576K
}

